<?xml version="1.0" encoding="UTF-8"?>
<!-- Generated by org.testng.reporters.JUnitXMLReporter -->
<testsuite ignored="0" hostname="Emilianos-Mac-mini.local" failures="0" tests="11" name="Validate home" time="74.804" errors="0" timestamp="2020-09-04T18:25:39 UYT">
  <testcase classname="Academy.HomePage" name="validateAppNavBar" time="0.388"/>
  <testcase classname="Academy.HomePage" name="validateAppTitle" time="0.604"/>
  <testcase classname="Academy.HomePage" name="validateLetsTalkButton" time="9.333"/>
  <testcase classname="Academy.HomePage" name="validateNavigationBarCareers" time="2.387"/>
  <testcase classname="Academy.HomePage" name="validateNavigationBarContact" time="2.6"/>
  <testcase classname="Academy.HomePage" name="validateNavigationBarHome" time="3.313"/>
  <testcase classname="Academy.HomePage" name="validateNavigationBarServices" time="3.242"/>
  <testcase classname="Academy.HomePage" name="validateNavigationBarWork" time="6.191"/>
  <testcase classname="Academy.HomePage" name="validateOurWorkCarousel" time="13.347"/>
  <testcase classname="Academy.HomePage" name="validateTeamImagesDisplayed" time="7.931"/>
  <testcase classname="Academy.HomePage" name="validateUnderlinedNavigationBar" time="11.509"/>
</testsuite> <!-- Validate home -->
