<?xml version="1.0" encoding="UTF-8"?>
<!-- Generated by org.testng.reporters.JUnitXMLReporter -->
<testsuite ignored="0" hostname="Emilianos-Mini.localdomain" failures="3" tests="3" name="Validating User login" time="11.027" errors="0" timestamp="2020-07-16T16:54:57 UYT">
  <testcase classname="Academy.HomePage" name="basePageNavigation" time="4.403">
    <failure type="java.lang.NullPointerException">
      <![CDATA[java.lang.NullPointerException
at pages.Recaptcha2Page.<init>(Recaptcha2Page.java:31)
at Academy.HomePage.basePageNavigation(HomePage.java:43)
at java.base/java.util.ArrayList.forEach(ArrayList.java:1540)
... Removed 30 stack frames]]>
    </failure>
  </testcase> <!-- basePageNavigation -->
  <testcase classname="Academy.HomePage" name="testContactForm" time="0.003">
    <failure type="java.lang.NullPointerException">
      <![CDATA[java.lang.NullPointerException
at Academy.HomePage.testContactForm(HomePage.java:126)
at java.base/java.util.ArrayList.forEach(ArrayList.java:1540)
... Removed 30 stack frames]]>
    </failure>
  </testcase> <!-- testContactForm -->
  <testcase classname="Academy.HomePage" name="testContactForm" time="0.001">
    <failure type="java.lang.NullPointerException">
      <![CDATA[java.lang.NullPointerException
at Academy.HomePage.testContactForm(HomePage.java:126)
at java.base/java.util.ArrayList.forEach(ArrayList.java:1540)
... Removed 30 stack frames]]>
    </failure>
  </testcase> <!-- testContactForm -->
</testsuite> <!-- Validating User login -->
