<?xml version="1.0" encoding="UTF-8"?>
<testng-results ignored="0" total="6" passed="6" failed="0" skipped="0">
  <reporter-output>
  </reporter-output>
  <suite started-at="2020-09-04T12:35:13 UYT" name="Suite" finished-at="2020-09-04T12:35:39 UYT" duration-ms="25838">
    <groups>
    </groups>
    <test started-at="2020-09-04T12:35:13 UYT" name="Validate home" finished-at="2020-09-04T12:35:39 UYT" duration-ms="25838">
      <class name="Academy.HomePage">
        <test-method is-config="true" signature="initialize()[pri:0, instance:Academy.HomePage@73db4768]" started-at="2020-09-04T12:35:13 UYT" name="initialize" finished-at="2020-09-04T12:35:23 UYT" duration-ms="9936" status="PASS">
          <reporter-output>
          </reporter-output>
        </test-method> <!-- initialize -->
        <test-method signature="validateAppNavBar()[pri:0, instance:Academy.HomePage@73db4768]" started-at="2020-09-04T12:35:23 UYT" name="validateAppNavBar" finished-at="2020-09-04T12:35:24 UYT" duration-ms="571" status="PASS">
          <reporter-output>
          </reporter-output>
        </test-method> <!-- validateAppNavBar -->
        <test-method signature="validateAppTitle()[pri:0, instance:Academy.HomePage@73db4768]" started-at="2020-09-04T12:35:24 UYT" name="validateAppTitle" finished-at="2020-09-04T12:35:24 UYT" duration-ms="294" status="PASS">
          <reporter-output>
          </reporter-output>
        </test-method> <!-- validateAppTitle -->
        <test-method signature="validateNavigationBarCareers()[pri:0, instance:Academy.HomePage@73db4768]" started-at="2020-09-04T12:35:24 UYT" name="validateNavigationBarCareers" finished-at="2020-09-04T12:35:26 UYT" duration-ms="2308" status="PASS">
          <reporter-output>
          </reporter-output>
        </test-method> <!-- validateNavigationBarCareers -->
        <test-method signature="validateNavigationBarHome()[pri:0, instance:Academy.HomePage@73db4768]" started-at="2020-09-04T12:35:26 UYT" name="validateNavigationBarHome" finished-at="2020-09-04T12:35:29 UYT" duration-ms="3204" status="PASS">
          <reporter-output>
          </reporter-output>
        </test-method> <!-- validateNavigationBarHome -->
        <test-method signature="validateNavigationBarServices()[pri:0, instance:Academy.HomePage@73db4768]" started-at="2020-09-04T12:35:29 UYT" name="validateNavigationBarServices" finished-at="2020-09-04T12:35:33 UYT" duration-ms="3118" status="PASS">
          <reporter-output>
          </reporter-output>
        </test-method> <!-- validateNavigationBarServices -->
        <test-method signature="validateNavigationBarWork()[pri:0, instance:Academy.HomePage@73db4768]" started-at="2020-09-04T12:35:33 UYT" name="validateNavigationBarWork" finished-at="2020-09-04T12:35:39 UYT" duration-ms="6121" status="PASS">
          <reporter-output>
          </reporter-output>
        </test-method> <!-- validateNavigationBarWork -->
        <test-method is-config="true" signature="teardown()[pri:0, instance:Academy.HomePage@73db4768]" started-at="2020-09-04T12:35:39 UYT" name="teardown" finished-at="2020-09-04T12:35:39 UYT" duration-ms="170" status="PASS">
          <reporter-output>
          </reporter-output>
        </test-method> <!-- teardown -->
      </class> <!-- Academy.HomePage -->
    </test> <!-- Validate home -->
  </suite> <!-- Suite -->
</testng-results>
