<?xml version="1.0" encoding="UTF-8"?>
<testsuite xmlns:xsi="http://www.w3.org/2001/XMLSchema-instance" xsi:noNamespaceSchemaLocation="https://maven.apache.org/surefire/maven-surefire-plugin/xsd/surefire-test-report.xsd" name="TestSuite" time="13.632" tests="3" errors="0" skipped="0" failures="3">
  <properties>
[...]
</properties>
  <testcase name="basePageNavigation" classname="Academy.HomePage" time="4.444">
    <failure type="java.lang.NullPointerException">java.lang.NullPointerException
	at Academy.HomePage.basePageNavigation(HomePage.java:43)
</failure>
    <system-out><![CDATA[chrome
]]></system-out>
    <system-err><![CDATA[SLF4J: Failed to load class "org.slf4j.impl.StaticLoggerBinder".
SLF4J: Defaulting to no-operation (NOP) logger implementation
SLF4J: See http://www.slf4j.org/codes.html#StaticLoggerBinder for further details.
Starting ChromeDriver 83.0.4103.39 (ccbf011cb2d2b19b506d844400483861342c20cd-refs/branch-heads/4103@{#416}) on port 40486
Only local connections are allowed.
Please see https://chromedriver.chromium.org/security-considerations for suggestions on keeping ChromeDriver safe.
ChromeDriver was started successfully.
jul. 16, 2020 4:54:50 P. M. org.openqa.selenium.remote.ProtocolHandshake createSession
INFO: Detected dialect: W3C
]]></system-err>
  </testcase>
  <testcase name="testContactForm" classname="Academy.HomePage" time="0.003">
    <failure type="java.lang.NullPointerException">java.lang.NullPointerException
	at Academy.HomePage.testContactForm(HomePage.java:126)
</failure>
  </testcase>
  <testcase name="testContactForm" classname="Academy.HomePage" time="0.001">
    <failure type="java.lang.NullPointerException">java.lang.NullPointerException
	at Academy.HomePage.testContactForm(HomePage.java:126)
</failure>
  </testcase>
</testsuite>