<?xml version="1.0" encoding="UTF-8"?>
<testsuite xmlns:xsi="http://www.w3.org/2001/XMLSchema-instance" xsi:noNamespaceSchemaLocation="https://maven.apache.org/surefire/maven-surefire-plugin/xsd/surefire-test-report.xsd" name="TestSuite" time="33.559" tests="10" errors="0" skipped="0" failures="3">
  <properties>
[...]
</properties>
  <testcase name="basePageNavigation" classname="Academy.HomePage" time="3.475"/>
  <testcase name="testContactForm" classname="Academy.HomePage" time="4.679"/>
  <testcase name="testContactForm" classname="Academy.HomePage" time="3.222">
    <failure message="Keys to send should be a not null CharSequence" type="java.lang.IllegalArgumentException">java.lang.IllegalArgumentException: Keys to send should be a not null CharSequence
	at Academy.HomePage.testContactForm(HomePage.java:123)
</failure>
  </testcase>
  <testcase name="validateAppNavBar" classname="Academy.HomePage" time="0.081"/>
  <testcase name="validateAppTitle" classname="Academy.HomePage" time="0.031"/>
  <testcase name="validateNavigationBarCareers" classname="Academy.HomePage" time="2.319"/>
  <testcase name="validateNavigationBarContact" classname="Academy.HomePage" time="2.399">
    <failure message="expected [true] but found [false]" type="java.lang.AssertionError">java.lang.AssertionError: expected [true] but found [false]
	at Academy.HomePage.validateNavigationBarContact(HomePage.java:111)
</failure>
  </testcase>
  <testcase name="validateNavigationBarHome" classname="Academy.HomePage" time="3.162"/>
  <testcase name="validateNavigationBarServices" classname="Academy.HomePage" time="3.168"/>
  <testcase name="validateNavigationBarWork" classname="Academy.HomePage" time="3.135">
    <failure message="expected [true] but found [false]" type="java.lang.AssertionError">java.lang.AssertionError: expected [true] but found [false]
	at Academy.HomePage.validateNavigationBarWork(HomePage.java:88)
</failure>
  </testcase>
</testsuite>